  TutorialApplication.cpp
  Unknown compiler version - please run the configure tests and report the results
C:\Users\14404\Desktop\GameEnginesProject\Tutorial2_9\TutorialApplication.cpp(58,51): warning C4305: 'argument': truncation from 'double' to 'float'
C:\Users\14404\Desktop\GameEnginesProject\Tutorial2_9\TutorialApplication.cpp(58,73): warning C4305: 'argument': truncation from 'double' to 'float'
C:\Users\14404\Desktop\GameEnginesProject\Tutorial2_9\TutorialApplication.cpp(71,63): warning C4305: 'argument': truncation from 'double' to 'float'
C:\Users\14404\Desktop\GameEnginesProject\Tutorial2_9\TutorialApplication.cpp(71,84): warning C4305: 'argument': truncation from 'double' to 'float'
C:\Users\14404\Desktop\GameEnginesProject\Tutorial2_9\TutorialApplication.cpp(81,61): warning C4305: 'argument': truncation from 'double' to 'float'
C:\Users\14404\Desktop\GameEnginesProject\Tutorial2_9\TutorialApplication.cpp(82,68): warning C4305: 'argument': truncation from 'double' to 'float'
C:\Users\14404\Desktop\GameEnginesProject\Tutorial2_9\TutorialApplication.cpp(87,84): warning C4305: 'argument': truncation from 'double' to 'float'
C:\Users\14404\Desktop\GameEnginesProject\Tutorial2_9\TutorialApplication.cpp(88,91): warning C4305: 'argument': truncation from 'double' to 'float'
C:\Users\14404\Desktop\GameEnginesProject\Tutorial2_9\TutorialApplication.cpp(94,85): warning C4305: 'argument': truncation from 'double' to 'float'
C:\Users\14404\Desktop\GameEnginesProject\Tutorial2_9\TutorialApplication.cpp(95,93): warning C4305: 'argument': truncation from 'double' to 'float'
C:\Users\14404\Desktop\GameEnginesProject\Tutorial2_9\TutorialApplication.cpp(102,58): warning C4305: 'argument': truncation from 'double' to 'float'
C:\Users\14404\Desktop\GameEnginesProject\Tutorial2_9\TutorialApplication.cpp(102,80): warning C4305: 'argument': truncation from 'double' to 'float'
C:\Users\14404\Desktop\GameEnginesProject\Tutorial2_9\TutorialApplication.cpp(103,66): warning C4305: 'argument': truncation from 'double' to 'float'
C:\Users\14404\Desktop\GameEnginesProject\Tutorial2_9\TutorialApplication.cpp(109,58): warning C4305: 'argument': truncation from 'double' to 'float'
C:\Users\14404\Desktop\GameEnginesProject\Tutorial2_9\TutorialApplication.cpp(109,80): warning C4305: 'argument': truncation from 'double' to 'float'
C:\Users\14404\Desktop\GameEnginesProject\Tutorial2_9\TutorialApplication.cpp(110,66): warning C4305: 'argument': truncation from 'double' to 'float'
C:\Users\14404\Desktop\GameEnginesProject\Tutorial2_9\TutorialApplication.cpp(110,89): warning C4305: 'argument': truncation from 'double' to 'float'
C:\Users\14404\Desktop\GameEnginesProject\Tutorial2_9\TutorialApplication.cpp(165,63): warning C4305: 'argument': truncation from 'double' to 'float'
C:\Users\14404\Desktop\GameEnginesProject\Tutorial2_9\TutorialApplication.cpp(174,71): warning C4305: 'argument': truncation from 'double' to 'float'
C:\Users\14404\Desktop\GameEnginesProject\Tutorial2_9\TutorialApplication.cpp(175,72): warning C4305: 'argument': truncation from 'double' to 'float'
C:\Users\14404\Desktop\GameEnginesProject\Tutorial2_9\TutorialApplication.cpp(321,59): warning C4305: 'argument': truncation from 'double' to 'const Ogre::Real'
C:\Users\14404\Desktop\GameEnginesProject\Tutorial2_9\TutorialApplication.cpp(344,40): warning C4018: '>=': signed/unsigned mismatch
C:\Users\14404\Desktop\GameEnginesProject\Tutorial2_9\TutorialApplication.cpp(368,52): warning C4305: 'argument': truncation from 'double' to 'const Ogre::Real'
C:\Users\14404\Desktop\GameEnginesProject\Tutorial2_9\TutorialApplication.cpp(552,44): warning C4305: 'argument': truncation from 'double' to 'Ogre::Real'
C:\Users\14404\Desktop\GameEnginesProject\Tutorial2_9\TutorialApplication.cpp(586,44): warning C4305: 'argument': truncation from 'double' to 'Ogre::Real'
  Tutorial2_9.vcxproj -> C:\classENV10\Build9\bin\debug\Tutorial2_9.exe
